<?xml version="1.0" encoding="UTF-8"?>
<!-- Generated by org.testng.reporters.JUnitXMLReporter -->
<testsuite hostname="rupalis-MacBook-Air.local" ignored="4" name="RegresstionTest" tests="4" failures="0" timestamp="27 Mar 2018 03:46:25 GMT" time="0.109" errors="0">
  <testcase name="@BeforeMethod beforeMethod" time="0.001" classname="com.qa.walmartTest.CommonTest">
    <failure type="java.lang.NullPointerException">
      <![CDATA[java.lang.NullPointerException
at com.qa.walmartTest.CommonTest.beforeMethod(CommonTest.java:37)
... Removed 28 stack frames]]>
    </failure>
  </testcase> <!-- @BeforeMethod beforeMethod -->
  <testcase name="@AfterMethod afterClass" time="0.001" classname="com.qa.walmartTest.CommonTest">
    <failure type="java.lang.NullPointerException">
      <![CDATA[java.lang.NullPointerException
at com.qa.walmartTest.CommonTest.afterClass(CommonTest.java:46)
... Removed 28 stack frames]]>
    </failure>
  </testcase> <!-- @AfterMethod afterClass -->
  <testcase name="@BeforeMethod beforeMethod" time="0.001" classname="com.qa.walmartTest.CommonTest">
    <failure type="java.lang.NullPointerException">
      <![CDATA[java.lang.NullPointerException
at com.qa.walmartTest.CommonTest.beforeMethod(CommonTest.java:37)
... Removed 28 stack frames]]>
    </failure>
  </testcase> <!-- @BeforeMethod beforeMethod -->
  <testcase name="@AfterMethod afterClass" time="0.0" classname="com.qa.walmartTest.CommonTest">
    <failure type="java.lang.NullPointerException">
      <![CDATA[java.lang.NullPointerException
at com.qa.walmartTest.CommonTest.afterClass(CommonTest.java:46)
... Removed 28 stack frames]]>
    </failure>
  </testcase> <!-- @AfterMethod afterClass -->
  <testcase name="@BeforeMethod beforeMethod" time="0.001" classname="com.qa.walmartTest.CommonTest">
    <failure type="java.lang.NullPointerException">
      <![CDATA[java.lang.NullPointerException
at com.qa.walmartTest.CommonTest.beforeMethod(CommonTest.java:37)
... Removed 28 stack frames]]>
    </failure>
  </testcase> <!-- @BeforeMethod beforeMethod -->
  <testcase name="@AfterMethod afterClass" time="0.002" classname="com.qa.walmartTest.CommonTest">
    <failure type="java.lang.NullPointerException">
      <![CDATA[java.lang.NullPointerException
at com.qa.walmartTest.CommonTest.afterClass(CommonTest.java:46)
... Removed 28 stack frames]]>
    </failure>
  </testcase> <!-- @AfterMethod afterClass -->
  <testcase name="@BeforeMethod beforeMethod" time="0.001" classname="com.qa.walmartTest.CommonTest">
    <failure type="java.lang.NullPointerException">
      <![CDATA[java.lang.NullPointerException
at com.qa.walmartTest.CommonTest.beforeMethod(CommonTest.java:37)
... Removed 28 stack frames]]>
    </failure>
  </testcase> <!-- @BeforeMethod beforeMethod -->
  <testcase name="@AfterMethod afterClass" time="0.001" classname="com.qa.walmartTest.CommonTest">
    <failure type="java.lang.NullPointerException">
      <![CDATA[java.lang.NullPointerException
at com.qa.walmartTest.CommonTest.afterClass(CommonTest.java:46)
... Removed 28 stack frames]]>
    </failure>
  </testcase> <!-- @AfterMethod afterClass -->
  <testcase name="clickSearchResultTest" time="0.0" classname="com.qa.walmartTest.SearchResultDetailPageTest">
    <skipped/>
  </testcase> <!-- clickSearchResultTest -->
  <testcase name="imagesList" time="0.0" classname="com.qa.walmartTest.HomePageTest">
    <skipped/>
  </testcase> <!-- imagesList -->
  <testcase name="sliderSlide" time="0.0" classname="com.qa.walmartTest.HomePageTest">
    <skipped/>
  </testcase> <!-- sliderSlide -->
  <testcase name="clickSearchResultTest" time="0.0" classname="com.qa.walmartTest.SearchResultPageTest">
    <skipped/>
  </testcase> <!-- clickSearchResultTest -->
  <testcase name="@BeforeTest beforeTest" time="0.0" classname="com.qa.walmartTest.CommonTest">
    <ignored/>
  </testcase> <!-- @BeforeTest beforeTest -->
  <testcase name="@BeforeTest beforeTest" time="0.0" classname="com.qa.walmartTest.CommonTest">
    <ignored/>
  </testcase> <!-- @BeforeTest beforeTest -->
  <testcase name="@BeforeSuite beforeSuit" time="0.0" classname="com.qa.walmartTest.CommonTest">
    <ignored/>
  </testcase> <!-- @BeforeSuite beforeSuit -->
  <testcase name="@BeforeSuite beforeSuit" time="0.0" classname="com.qa.walmartTest.CommonTest">
    <ignored/>
  </testcase> <!-- @BeforeSuite beforeSuit -->
</testsuite> <!-- RegresstionTest -->
