<?xml version="1.0" encoding="UTF-8"?>
<!-- Generated by org.testng.reporters.JUnitXMLReporter -->
<testsuite hostname="rupalis-MacBook-Air.local" ignored="4" name="Test" tests="4" failures="0" timestamp="27 Mar 2018 05:08:27 GMT" time="0.088" errors="0">
  <testcase name="@BeforeSuite beforeSuite" time="0.029" classname="com.qa.walmartTest.CommonTest">
    <failure type="java.lang.Error" message="Unresolved compilation problem: 
	The constructor ConfigUtils(String) is undefined
">
      <![CDATA[java.lang.Error: Unresolved compilation problem: 
The constructor ConfigUtils(String) is undefined

at com.qa.walmartTest.CommonTest.beforeSuite(CommonTest.java:24)
... Removed 20 stack frames]]>
    </failure>
  </testcase> <!-- @BeforeSuite beforeSuite -->
  <testcase name="@BeforeTest beforeTest" time="0.0" classname="com.qa.walmartTest.CommonTest">
    <skipped/>
  </testcase> <!-- @BeforeTest beforeTest -->
  <testcase name="@BeforeMethod beforeMethod" time="0.0" classname="com.qa.walmartTest.CommonTest">
    <skipped/>
  </testcase> <!-- @BeforeMethod beforeMethod -->
  <testcase name="@AfterMethod afterClass" time="0.0" classname="com.qa.walmartTest.CommonTest">
    <skipped/>
  </testcase> <!-- @AfterMethod afterClass -->
  <testcase name="@BeforeMethod beforeMethod" time="0.0" classname="com.qa.walmartTest.CommonTest">
    <skipped/>
  </testcase> <!-- @BeforeMethod beforeMethod -->
  <testcase name="@AfterMethod afterClass" time="0.0" classname="com.qa.walmartTest.CommonTest">
    <skipped/>
  </testcase> <!-- @AfterMethod afterClass -->
  <testcase name="@BeforeMethod beforeMethod" time="0.0" classname="com.qa.walmartTest.CommonTest">
    <skipped/>
  </testcase> <!-- @BeforeMethod beforeMethod -->
  <testcase name="@AfterMethod afterClass" time="0.0" classname="com.qa.walmartTest.CommonTest">
    <skipped/>
  </testcase> <!-- @AfterMethod afterClass -->
  <testcase name="@BeforeMethod beforeMethod" time="0.0" classname="com.qa.walmartTest.CommonTest">
    <skipped/>
  </testcase> <!-- @BeforeMethod beforeMethod -->
  <testcase name="@AfterMethod afterClass" time="0.0" classname="com.qa.walmartTest.CommonTest">
    <skipped/>
  </testcase> <!-- @AfterMethod afterClass -->
  <testcase name="clickSearchResultTest" time="0.0" classname="com.qa.walmartTest.SearchResultDetailPageTest">
    <skipped/>
  </testcase> <!-- clickSearchResultTest -->
  <testcase name="imagesList" time="0.0" classname="com.qa.walmartTest.HomePageTest">
    <skipped/>
  </testcase> <!-- imagesList -->
  <testcase name="sliderSlide" time="0.0" classname="com.qa.walmartTest.HomePageTest">
    <skipped/>
  </testcase> <!-- sliderSlide -->
  <testcase name="clickSearchResultTest" time="0.0" classname="com.qa.walmartTest.SearchResultPageTest">
    <skipped/>
  </testcase> <!-- clickSearchResultTest -->
  <testcase name="@BeforeTest beforeTest" time="0.0" classname="com.qa.walmartTest.CommonTest">
    <ignored/>
  </testcase> <!-- @BeforeTest beforeTest -->
  <testcase name="@BeforeTest beforeTest" time="0.0" classname="com.qa.walmartTest.CommonTest">
    <ignored/>
  </testcase> <!-- @BeforeTest beforeTest -->
  <testcase name="@BeforeSuite beforeSuite" time="0.0" classname="com.qa.walmartTest.CommonTest">
    <ignored/>
  </testcase> <!-- @BeforeSuite beforeSuite -->
  <testcase name="@BeforeSuite beforeSuite" time="0.0" classname="com.qa.walmartTest.CommonTest">
    <ignored/>
  </testcase> <!-- @BeforeSuite beforeSuite -->
</testsuite> <!-- Test -->
